2018-09-30 00:43:05.689 [main] INFO  o.s.b.t.context.SpringBootTestContextBootstrapper - Neither @ContextConfiguration nor @ContextHierarchy found for test class [com.xd.eureka.EurekaApplicationTests], using SpringBootContextLoader
2018-09-30 00:43:05.697 [main] INFO  o.s.test.context.support.AbstractContextLoader - Could not detect default resource locations for test class [com.xd.eureka.EurekaApplicationTests]: no resource found for suffixes {-context.xml, Context.groovy}.
2018-09-30 00:43:05.700 [main] INFO  o.s.t.c.support.AnnotationConfigContextLoaderUtils - Could not detect default configuration classes for test class [com.xd.eureka.EurekaApplicationTests]: EurekaApplicationTests does not declare any static, non-private, non-final, nested classes annotated with @Configuration.
2018-09-30 00:43:06.002 [main] INFO  o.s.b.t.context.SpringBootTestContextBootstrapper - Found @SpringBootConfiguration com.xd.eureka.EurekaApplication for test class com.xd.eureka.EurekaApplicationTests
2018-09-30 00:43:06.018 [main] INFO  o.s.b.t.context.SpringBootTestContextBootstrapper - Loaded default TestExecutionListener class names from location [META-INF/spring.factories]: [org.springframework.boot.test.mock.mockito.MockitoTestExecutionListener, org.springframework.boot.test.mock.mockito.ResetMocksTestExecutionListener, org.springframework.boot.test.autoconfigure.restdocs.RestDocsTestExecutionListener, org.springframework.boot.test.autoconfigure.web.client.MockRestServiceServerResetTestExecutionListener, org.springframework.boot.test.autoconfigure.web.servlet.MockMvcPrintOnlyOnFailureTestExecutionListener, org.springframework.boot.test.autoconfigure.web.servlet.WebDriverTestExecutionListener, org.springframework.test.context.web.ServletTestExecutionListener, org.springframework.test.context.support.DirtiesContextBeforeModesTestExecutionListener, org.springframework.test.context.support.DependencyInjectionTestExecutionListener, org.springframework.test.context.support.DirtiesContextTestExecutionListener, org.springframework.test.context.transaction.TransactionalTestExecutionListener, org.springframework.test.context.jdbc.SqlScriptsTestExecutionListener]
2018-09-30 00:43:06.058 [main] INFO  o.s.b.t.context.SpringBootTestContextBootstrapper - Using TestExecutionListeners: [org.springframework.test.context.web.ServletTestExecutionListener@192d43ce, org.springframework.test.context.support.DirtiesContextBeforeModesTestExecutionListener@72057ecf, org.springframework.boot.test.mock.mockito.MockitoTestExecutionListener@1afd44cb, org.springframework.boot.test.autoconfigure.SpringBootDependencyInjectionTestExecutionListener@6973b51b, org.springframework.test.context.support.DirtiesContextTestExecutionListener@1ab3a8c8, org.springframework.boot.test.mock.mockito.ResetMocksTestExecutionListener@43195e57, org.springframework.boot.test.autoconfigure.restdocs.RestDocsTestExecutionListener@333291e3, org.springframework.boot.test.autoconfigure.web.client.MockRestServiceServerResetTestExecutionListener@479d31f3, org.springframework.boot.test.autoconfigure.web.servlet.MockMvcPrintOnlyOnFailureTestExecutionListener@40ef3420, org.springframework.boot.test.autoconfigure.web.servlet.WebDriverTestExecutionListener@498d318c]
2018-09-30 00:43:06.071 [main] INFO  o.s.b.t.context.SpringBootTestContextBootstrapper - Neither @ContextConfiguration nor @ContextHierarchy found for test class [com.xd.eureka.EurekaApplicationTests], using SpringBootContextLoader
2018-09-30 00:43:06.073 [main] INFO  o.s.test.context.support.AbstractContextLoader - Could not detect default resource locations for test class [com.xd.eureka.EurekaApplicationTests]: no resource found for suffixes {-context.xml, Context.groovy}.
2018-09-30 00:43:06.073 [main] INFO  o.s.t.c.support.AnnotationConfigContextLoaderUtils - Could not detect default configuration classes for test class [com.xd.eureka.EurekaApplicationTests]: EurekaApplicationTests does not declare any static, non-private, non-final, nested classes annotated with @Configuration.
2018-09-30 00:43:06.086 [main] INFO  o.s.b.t.context.SpringBootTestContextBootstrapper - Found @SpringBootConfiguration com.xd.eureka.EurekaApplication for test class com.xd.eureka.EurekaApplicationTests
2018-09-30 00:43:06.102 [main] INFO  o.s.b.t.context.SpringBootTestContextBootstrapper - Loaded default TestExecutionListener class names from location [META-INF/spring.factories]: [org.springframework.boot.test.mock.mockito.MockitoTestExecutionListener, org.springframework.boot.test.mock.mockito.ResetMocksTestExecutionListener, org.springframework.boot.test.autoconfigure.restdocs.RestDocsTestExecutionListener, org.springframework.boot.test.autoconfigure.web.client.MockRestServiceServerResetTestExecutionListener, org.springframework.boot.test.autoconfigure.web.servlet.MockMvcPrintOnlyOnFailureTestExecutionListener, org.springframework.boot.test.autoconfigure.web.servlet.WebDriverTestExecutionListener, org.springframework.test.context.web.ServletTestExecutionListener, org.springframework.test.context.support.DirtiesContextBeforeModesTestExecutionListener, org.springframework.test.context.support.DependencyInjectionTestExecutionListener, org.springframework.test.context.support.DirtiesContextTestExecutionListener, org.springframework.test.context.transaction.TransactionalTestExecutionListener, org.springframework.test.context.jdbc.SqlScriptsTestExecutionListener]
2018-09-30 00:43:06.128 [main] INFO  o.s.b.t.context.SpringBootTestContextBootstrapper - Using TestExecutionListeners: [org.springframework.test.context.web.ServletTestExecutionListener@293a5bf6, org.springframework.test.context.support.DirtiesContextBeforeModesTestExecutionListener@6aeb35e6, org.springframework.boot.test.mock.mockito.MockitoTestExecutionListener@1283bb96, org.springframework.boot.test.autoconfigure.SpringBootDependencyInjectionTestExecutionListener@74f0ea28, org.springframework.test.context.support.DirtiesContextTestExecutionListener@f6efaab, org.springframework.boot.test.mock.mockito.ResetMocksTestExecutionListener@3c19aaa5, org.springframework.boot.test.autoconfigure.restdocs.RestDocsTestExecutionListener@3349e9bb, org.springframework.boot.test.autoconfigure.web.client.MockRestServiceServerResetTestExecutionListener@409bf450, org.springframework.boot.test.autoconfigure.web.servlet.MockMvcPrintOnlyOnFailureTestExecutionListener@38d8f54a, org.springframework.boot.test.autoconfigure.web.servlet.WebDriverTestExecutionListener@49e53c76]
2018-09-30 00:43:07.673 [main] INFO  o.s.c.a.AnnotationConfigApplicationContext - Refreshing org.springframework.context.annotation.AnnotationConfigApplicationContext@4808bc9b: startup date [Sun Sep 30 00:43:07 CST 2018]; root of context hierarchy
2018-09-30 00:43:08.678 [background-preinit] INFO  org.hibernate.validator.internal.util.Version - HV000001: Hibernate Validator 5.3.6.Final
2018-09-30 00:43:08.715 [main] INFO  o.s.b.f.a.AutowiredAnnotationBeanPostProcessor - JSR-330 'javax.inject.Inject' annotation found and supported for autowiring
2018-09-30 00:43:08.832 [main] INFO  o.s.c.s.PostProcessorRegistrationDelegate$BeanPostProcessorChecker - Bean 'configurationPropertiesRebinderAutoConfiguration' of type [org.springframework.cloud.autoconfigure.ConfigurationPropertiesRebinderAutoConfiguration$$EnhancerBySpringCGLIB$$262262b4] is not eligible for getting processed by all BeanPostProcessors (for example: not eligible for auto-proxying)
2018-09-30 00:43:10.276 [main] INFO  o.s.c.c.client.ConfigServicePropertySourceLocator - Fetching config from server at: http://localhost:8888
2018-09-30 00:43:10.716 [main] WARN  o.s.c.c.client.ConfigServicePropertySourceLocator - Could not locate PropertySource: I/O error on GET request for "http://localhost:8888/application/default": Connection refused (Connection refused); nested exception is java.net.ConnectException: Connection refused (Connection refused)
2018-09-30 00:43:10.730 [main] INFO  com.xd.eureka.EurekaApplicationTests - No active profile set, falling back to default profiles: default
2018-09-30 00:43:10.747 [main] INFO  o.s.w.context.support.GenericWebApplicationContext - Refreshing org.springframework.web.context.support.GenericWebApplicationContext@6f70f32f: startup date [Sun Sep 30 00:43:10 CST 2018]; parent: org.springframework.context.annotation.AnnotationConfigApplicationContext@4808bc9b
2018-09-30 00:43:13.428 [main] INFO  o.springframework.cloud.context.scope.GenericScope - BeanFactory id=063f7c15-1afc-3ca2-ab0c-b1db6a1a1558
2018-09-30 00:43:13.626 [main] INFO  o.s.b.f.a.AutowiredAnnotationBeanPostProcessor - JSR-330 'javax.inject.Inject' annotation found and supported for autowiring
2018-09-30 00:43:13.916 [main] INFO  o.s.c.s.PostProcessorRegistrationDelegate$BeanPostProcessorChecker - Bean 'org.springframework.cloud.netflix.metrics.MetricsInterceptorConfiguration$MetricsRestTemplateConfiguration' of type [org.springframework.cloud.netflix.metrics.MetricsInterceptorConfiguration$MetricsRestTemplateConfiguration$$EnhancerBySpringCGLIB$$3c3505f8] is not eligible for getting processed by all BeanPostProcessors (for example: not eligible for auto-proxying)
2018-09-30 00:43:13.949 [main] INFO  o.s.c.s.PostProcessorRegistrationDelegate$BeanPostProcessorChecker - Bean 'org.springframework.cloud.autoconfigure.ConfigurationPropertiesRebinderAutoConfiguration' of type [org.springframework.cloud.autoconfigure.ConfigurationPropertiesRebinderAutoConfiguration$$EnhancerBySpringCGLIB$$262262b4] is not eligible for getting processed by all BeanPostProcessors (for example: not eligible for auto-proxying)
2018-09-30 00:43:15.439 [main] WARN  o.s.c.netflix.archaius.ArchaiusAutoConfiguration - No spring.application.name found, defaulting to 'application'
2018-09-30 00:43:15.447 [main] WARN  com.netflix.config.sources.URLConfigurationSource - No URLs will be polled as dynamic configuration sources.
2018-09-30 00:43:15.448 [main] INFO  com.netflix.config.sources.URLConfigurationSource - To enable URLs as dynamic configuration sources, define System property archaius.configurationSource.additionalUrls or make config.properties available on classpath.
2018-09-30 00:43:15.462 [main] WARN  com.netflix.config.sources.URLConfigurationSource - No URLs will be polled as dynamic configuration sources.
2018-09-30 00:43:15.462 [main] INFO  com.netflix.config.sources.URLConfigurationSource - To enable URLs as dynamic configuration sources, define System property archaius.configurationSource.additionalUrls or make config.properties available on classpath.
2018-09-30 00:43:17.849 [main] INFO  o.s.w.s.m.m.a.RequestMappingHandlerAdapter - Looking for @ControllerAdvice: org.springframework.web.context.support.GenericWebApplicationContext@6f70f32f: startup date [Sun Sep 30 00:43:10 CST 2018]; parent: org.springframework.context.annotation.AnnotationConfigApplicationContext@4808bc9b
2018-09-30 00:43:18.332 [main] INFO  o.s.w.s.m.m.a.RequestMappingHandlerMapping - Mapped "{[/error]}" onto public org.springframework.http.ResponseEntity<java.util.Map<java.lang.String, java.lang.Object>> org.springframework.boot.autoconfigure.web.BasicErrorController.error(javax.servlet.http.HttpServletRequest)
2018-09-30 00:43:18.335 [main] INFO  o.s.w.s.m.m.a.RequestMappingHandlerMapping - Mapped "{[/error],produces=[text/html]}" onto public org.springframework.web.servlet.ModelAndView org.springframework.boot.autoconfigure.web.BasicErrorController.errorHtml(javax.servlet.http.HttpServletRequest,javax.servlet.http.HttpServletResponse)
2018-09-30 00:43:18.359 [main] INFO  o.s.w.s.m.m.a.RequestMappingHandlerMapping - Mapped "{[/],methods=[GET]}" onto public java.lang.String org.springframework.cloud.netflix.eureka.server.EurekaController.status(javax.servlet.http.HttpServletRequest,java.util.Map<java.lang.String, java.lang.Object>)
2018-09-30 00:43:18.359 [main] INFO  o.s.w.s.m.m.a.RequestMappingHandlerMapping - Mapped "{[/lastn],methods=[GET]}" onto public java.lang.String org.springframework.cloud.netflix.eureka.server.EurekaController.lastn(javax.servlet.http.HttpServletRequest,java.util.Map<java.lang.String, java.lang.Object>)
2018-09-30 00:43:18.518 [main] INFO  o.s.web.servlet.handler.SimpleUrlHandlerMapping - Mapped URL path [/webjars/**] onto handler of type [class org.springframework.web.servlet.resource.ResourceHttpRequestHandler]
2018-09-30 00:43:18.519 [main] INFO  o.s.web.servlet.handler.SimpleUrlHandlerMapping - Mapped URL path [/**] onto handler of type [class org.springframework.web.servlet.resource.ResourceHttpRequestHandler]
2018-09-30 00:43:18.681 [main] INFO  o.s.web.servlet.handler.SimpleUrlHandlerMapping - Mapped URL path [/**/favicon.ico] onto handler of type [class org.springframework.web.servlet.resource.ResourceHttpRequestHandler]
2018-09-30 00:43:22.691 [main] INFO  o.s.b.actuate.endpoint.mvc.EndpointHandlerMapping - Mapped "{[/loggers/{name:.*}],methods=[GET],produces=[application/vnd.spring-boot.actuator.v1+json || application/json]}" onto public java.lang.Object org.springframework.boot.actuate.endpoint.mvc.LoggersMvcEndpoint.get(java.lang.String)
2018-09-30 00:43:22.692 [main] INFO  o.s.b.actuate.endpoint.mvc.EndpointHandlerMapping - Mapped "{[/loggers/{name:.*}],methods=[POST],consumes=[application/vnd.spring-boot.actuator.v1+json || application/json],produces=[application/vnd.spring-boot.actuator.v1+json || application/json]}" onto public java.lang.Object org.springframework.boot.actuate.endpoint.mvc.LoggersMvcEndpoint.set(java.lang.String,java.util.Map<java.lang.String, java.lang.String>)
2018-09-30 00:43:22.693 [main] INFO  o.s.b.actuate.endpoint.mvc.EndpointHandlerMapping - Mapped "{[/loggers || /loggers.json],methods=[GET],produces=[application/vnd.spring-boot.actuator.v1+json || application/json]}" onto public java.lang.Object org.springframework.boot.actuate.endpoint.mvc.EndpointMvcAdapter.invoke()
2018-09-30 00:43:22.694 [main] INFO  o.s.b.actuate.endpoint.mvc.EndpointHandlerMapping - Mapped "{[/auditevents || /auditevents.json],methods=[GET],produces=[application/vnd.spring-boot.actuator.v1+json || application/json]}" onto public org.springframework.http.ResponseEntity<?> org.springframework.boot.actuate.endpoint.mvc.AuditEventsMvcEndpoint.findByPrincipalAndAfterAndType(java.lang.String,java.util.Date,java.lang.String)
2018-09-30 00:43:22.695 [main] INFO  o.s.b.actuate.endpoint.mvc.EndpointHandlerMapping - Mapped "{[/env],methods=[POST]}" onto public java.lang.Object org.springframework.cloud.context.environment.EnvironmentManagerMvcEndpoint.value(java.util.Map<java.lang.String, java.lang.String>)
2018-09-30 00:43:22.696 [main] INFO  o.s.b.actuate.endpoint.mvc.EndpointHandlerMapping - Mapped "{[/env/reset],methods=[POST]}" onto public java.util.Map<java.lang.String, java.lang.Object> org.springframework.cloud.context.environment.EnvironmentManagerMvcEndpoint.reset()
2018-09-30 00:43:22.697 [main] INFO  o.s.b.actuate.endpoint.mvc.EndpointHandlerMapping - Mapped "{[/archaius || /archaius.json],methods=[GET],produces=[application/vnd.spring-boot.actuator.v1+json || application/json]}" onto public java.lang.Object org.springframework.boot.actuate.endpoint.mvc.EndpointMvcAdapter.invoke()
2018-09-30 00:43:22.699 [main] INFO  o.s.b.actuate.endpoint.mvc.EndpointHandlerMapping - Mapped "{[/dump || /dump.json],methods=[GET],produces=[application/vnd.spring-boot.actuator.v1+json || application/json]}" onto public java.lang.Object org.springframework.boot.actuate.endpoint.mvc.EndpointMvcAdapter.invoke()
2018-09-30 00:43:22.700 [main] INFO  o.s.b.actuate.endpoint.mvc.EndpointHandlerMapping - Mapped "{[/refresh || /refresh.json],methods=[POST]}" onto public java.lang.Object org.springframework.cloud.endpoint.GenericPostableMvcEndpoint.invoke()
2018-09-30 00:43:22.701 [main] INFO  o.s.b.actuate.endpoint.mvc.EndpointHandlerMapping - Mapped "{[/autoconfig || /autoconfig.json],methods=[GET],produces=[application/vnd.spring-boot.actuator.v1+json || application/json]}" onto public java.lang.Object org.springframework.boot.actuate.endpoint.mvc.EndpointMvcAdapter.invoke()
2018-09-30 00:43:22.704 [main] INFO  o.s.b.actuate.endpoint.mvc.EndpointHandlerMapping - Mapped "{[/env/{name:.*}],methods=[GET],produces=[application/vnd.spring-boot.actuator.v1+json || application/json]}" onto public java.lang.Object org.springframework.boot.actuate.endpoint.mvc.EnvironmentMvcEndpoint.value(java.lang.String)
2018-09-30 00:43:22.705 [main] INFO  o.s.b.actuate.endpoint.mvc.EndpointHandlerMapping - Mapped "{[/env || /env.json],methods=[GET],produces=[application/vnd.spring-boot.actuator.v1+json || application/json]}" onto public java.lang.Object org.springframework.boot.actuate.endpoint.mvc.EndpointMvcAdapter.invoke()
2018-09-30 00:43:22.706 [main] INFO  o.s.b.actuate.endpoint.mvc.EndpointHandlerMapping - Mapped "{[/health || /health.json],methods=[GET],produces=[application/vnd.spring-boot.actuator.v1+json || application/json]}" onto public java.lang.Object org.springframework.boot.actuate.endpoint.mvc.HealthMvcEndpoint.invoke(javax.servlet.http.HttpServletRequest,java.security.Principal)
2018-09-30 00:43:22.708 [main] INFO  o.s.b.actuate.endpoint.mvc.EndpointHandlerMapping - Mapped "{[/beans || /beans.json],methods=[GET],produces=[application/vnd.spring-boot.actuator.v1+json || application/json]}" onto public java.lang.Object org.springframework.boot.actuate.endpoint.mvc.EndpointMvcAdapter.invoke()
2018-09-30 00:43:22.709 [main] INFO  o.s.b.actuate.endpoint.mvc.EndpointHandlerMapping - Mapped "{[/trace || /trace.json],methods=[GET],produces=[application/vnd.spring-boot.actuator.v1+json || application/json]}" onto public java.lang.Object org.springframework.boot.actuate.endpoint.mvc.EndpointMvcAdapter.invoke()
2018-09-30 00:43:22.710 [main] INFO  o.s.b.actuate.endpoint.mvc.EndpointHandlerMapping - Mapped "{[/restart || /restart.json],methods=[POST]}" onto public java.lang.Object org.springframework.cloud.context.restart.RestartMvcEndpoint.invoke()
2018-09-30 00:43:22.711 [main] INFO  o.s.b.actuate.endpoint.mvc.EndpointHandlerMapping - Mapped "{[/metrics/{name:.*}],methods=[GET],produces=[application/vnd.spring-boot.actuator.v1+json || application/json]}" onto public java.lang.Object org.springframework.boot.actuate.endpoint.mvc.MetricsMvcEndpoint.value(java.lang.String)
2018-09-30 00:43:22.712 [main] INFO  o.s.b.actuate.endpoint.mvc.EndpointHandlerMapping - Mapped "{[/metrics || /metrics.json],methods=[GET],produces=[application/vnd.spring-boot.actuator.v1+json || application/json]}" onto public java.lang.Object org.springframework.boot.actuate.endpoint.mvc.EndpointMvcAdapter.invoke()
2018-09-30 00:43:22.713 [main] INFO  o.s.b.actuate.endpoint.mvc.EndpointHandlerMapping - Mapped "{[/service-registry/instance-status],methods=[POST]}" onto public org.springframework.http.ResponseEntity<?> org.springframework.cloud.client.serviceregistry.endpoint.ServiceRegistryEndpoint.setStatus(java.lang.String)
2018-09-30 00:43:22.714 [main] INFO  o.s.b.actuate.endpoint.mvc.EndpointHandlerMapping - Mapped "{[/service-registry/instance-status],methods=[GET]}" onto public org.springframework.http.ResponseEntity org.springframework.cloud.client.serviceregistry.endpoint.ServiceRegistryEndpoint.getStatus()
2018-09-30 00:43:22.715 [main] INFO  o.s.b.actuate.endpoint.mvc.EndpointHandlerMapping - Mapped "{[/info || /info.json],methods=[GET],produces=[application/vnd.spring-boot.actuator.v1+json || application/json]}" onto public java.lang.Object org.springframework.boot.actuate.endpoint.mvc.EndpointMvcAdapter.invoke()
2018-09-30 00:43:22.718 [main] INFO  o.s.b.actuate.endpoint.mvc.EndpointHandlerMapping - Mapped "{[/resume || /resume.json],methods=[POST]}" onto public java.lang.Object org.springframework.cloud.endpoint.GenericPostableMvcEndpoint.invoke()
2018-09-30 00:43:22.719 [main] INFO  o.s.b.actuate.endpoint.mvc.EndpointHandlerMapping - Mapped "{[/features || /features.json],methods=[GET],produces=[application/vnd.spring-boot.actuator.v1+json || application/json]}" onto public java.lang.Object org.springframework.boot.actuate.endpoint.mvc.EndpointMvcAdapter.invoke()
2018-09-30 00:43:22.721 [main] INFO  o.s.b.actuate.endpoint.mvc.EndpointHandlerMapping - Mapped "{[/configprops || /configprops.json],methods=[GET],produces=[application/vnd.spring-boot.actuator.v1+json || application/json]}" onto public java.lang.Object org.springframework.boot.actuate.endpoint.mvc.EndpointMvcAdapter.invoke()
2018-09-30 00:43:22.722 [main] INFO  o.s.b.actuate.endpoint.mvc.EndpointHandlerMapping - Mapped "{[/heapdump || /heapdump.json],methods=[GET],produces=[application/octet-stream]}" onto public void org.springframework.boot.actuate.endpoint.mvc.HeapdumpMvcEndpoint.invoke(boolean,javax.servlet.http.HttpServletRequest,javax.servlet.http.HttpServletResponse) throws java.io.IOException,javax.servlet.ServletException
2018-09-30 00:43:22.724 [main] INFO  o.s.b.actuate.endpoint.mvc.EndpointHandlerMapping - Mapped "{[/pause || /pause.json],methods=[POST]}" onto public java.lang.Object org.springframework.cloud.endpoint.GenericPostableMvcEndpoint.invoke()
2018-09-30 00:43:22.726 [main] INFO  o.s.b.actuate.endpoint.mvc.EndpointHandlerMapping - Mapped "{[/mappings || /mappings.json],methods=[GET],produces=[application/vnd.spring-boot.actuator.v1+json || application/json]}" onto public java.lang.Object org.springframework.boot.actuate.endpoint.mvc.EndpointMvcAdapter.invoke()
2018-09-30 00:43:23.477 [main] INFO  o.s.ui.freemarker.SpringTemplateLoader - SpringTemplateLoader for FreeMarker: using resource loader [org.springframework.web.context.support.GenericWebApplicationContext@6f70f32f: startup date [Sun Sep 30 00:43:10 CST 2018]; parent: org.springframework.context.annotation.AnnotationConfigApplicationContext@4808bc9b] and template loader path [classpath:/templates/]
2018-09-30 00:43:23.479 [main] INFO  o.s.w.servlet.view.freemarker.FreeMarkerConfigurer - ClassTemplateLoader for Spring macros added to FreeMarker configuration
2018-09-30 00:43:24.250 [main] INFO  o.s.cloud.netflix.eureka.InstanceInfoFactory - Setting initial instance status as: STARTING
2018-09-30 00:43:24.388 [main] INFO  com.netflix.discovery.DiscoveryClient - Initializing Eureka in region us-east-1
2018-09-30 00:43:24.996 [main] INFO  c.n.discovery.provider.DiscoveryJerseyProvider - Using JSON encoding codec LegacyJacksonJson
2018-09-30 00:43:24.997 [main] INFO  c.n.discovery.provider.DiscoveryJerseyProvider - Using JSON decoding codec LegacyJacksonJson
2018-09-30 00:43:24.997 [main] INFO  c.n.discovery.provider.DiscoveryJerseyProvider - Using XML encoding codec XStreamXml
2018-09-30 00:43:24.998 [main] INFO  c.n.discovery.provider.DiscoveryJerseyProvider - Using XML decoding codec XStreamXml
2018-09-30 00:43:25.549 [main] INFO  c.n.d.shared.resolver.aws.ConfigClusterResolver - Resolving eureka endpoints via configuration
2018-09-30 00:43:25.626 [main] INFO  com.netflix.discovery.DiscoveryClient - Disable delta property : false
2018-09-30 00:43:25.626 [main] INFO  com.netflix.discovery.DiscoveryClient - Single vip registry refresh property : null
2018-09-30 00:43:25.626 [main] INFO  com.netflix.discovery.DiscoveryClient - Force full registry fetch : false
2018-09-30 00:43:25.626 [main] INFO  com.netflix.discovery.DiscoveryClient - Application is null : false
2018-09-30 00:43:25.626 [main] INFO  com.netflix.discovery.DiscoveryClient - Registered Applications size is zero : true
2018-09-30 00:43:25.626 [main] INFO  com.netflix.discovery.DiscoveryClient - Application version is -1: true
2018-09-30 00:43:25.627 [main] INFO  com.netflix.discovery.DiscoveryClient - Getting all instance registry info from the eureka server
2018-09-30 00:43:26.396 [main] INFO  com.netflix.discovery.DiscoveryClient - The response status is 200
2018-09-30 00:43:26.398 [main] INFO  com.netflix.discovery.DiscoveryClient - Starting heartbeat executor: renew interval is: 30
2018-09-30 00:43:26.403 [main] INFO  com.netflix.discovery.InstanceInfoReplicator - InstanceInfoReplicator onDemand update allowed rate per min is 4
2018-09-30 00:43:26.408 [main] INFO  com.netflix.discovery.DiscoveryClient - Discovery Client initialized at timestamp 1538239406407 with initial instances count: 0
2018-09-30 00:43:26.569 [main] INFO  com.netflix.eureka.DefaultEurekaServerContext - Initializing ...
2018-09-30 00:43:26.571 [main] INFO  com.netflix.eureka.cluster.PeerEurekaNodes - Adding new peer nodes [http://localhost:8761/eureka/]
2018-09-30 00:43:26.584 [main] INFO  c.n.discovery.provider.DiscoveryJerseyProvider - Using JSON encoding codec LegacyJacksonJson
2018-09-30 00:43:26.586 [main] INFO  c.n.discovery.provider.DiscoveryJerseyProvider - Using JSON decoding codec LegacyJacksonJson
2018-09-30 00:43:26.587 [main] INFO  c.n.discovery.provider.DiscoveryJerseyProvider - Using XML encoding codec XStreamXml
2018-09-30 00:43:26.587 [main] INFO  c.n.discovery.provider.DiscoveryJerseyProvider - Using XML decoding codec XStreamXml
2018-09-30 00:43:26.940 [main] INFO  com.netflix.eureka.cluster.PeerEurekaNodes - Replica node URL:  http://localhost:8761/eureka/
2018-09-30 00:43:26.979 [main] INFO  c.netflix.eureka.registry.AbstractInstanceRegistry - Finished initializing remote region registries. All known remote regions: []
2018-09-30 00:43:26.981 [main] INFO  com.netflix.eureka.DefaultEurekaServerContext - Initialized
2018-09-30 00:43:27.909 [main] INFO  o.s.context.support.DefaultLifecycleProcessor - Starting beans in phase 0
2018-09-30 00:43:27.911 [Thread-11] INFO  o.s.c.netflix.eureka.server.EurekaServerBootstrap - Setting the eureka configuration..
2018-09-30 00:43:27.913 [Thread-11] INFO  o.s.c.netflix.eureka.server.EurekaServerBootstrap - Eureka data center value eureka.datacenter is not set, defaulting to default
2018-09-30 00:43:27.914 [Thread-11] INFO  o.s.c.netflix.eureka.server.EurekaServerBootstrap - Eureka environment value eureka.environment is not set, defaulting to test
2018-09-30 00:43:27.932 [Thread-11] INFO  o.s.c.netflix.eureka.server.EurekaServerBootstrap - isAws returned false
2018-09-30 00:43:27.932 [Thread-11] INFO  o.s.c.netflix.eureka.server.EurekaServerBootstrap - Initialized server context
2018-09-30 00:43:27.996 [main] INFO  com.xd.eureka.EurekaApplicationTests - Started EurekaApplicationTests in 21.61 seconds (JVM running for 23.73)
2018-09-30 00:43:28.179 [Thread-12] INFO  o.s.w.context.support.GenericWebApplicationContext - Closing org.springframework.web.context.support.GenericWebApplicationContext@6f70f32f: startup date [Sun Sep 30 00:43:10 CST 2018]; parent: org.springframework.context.annotation.AnnotationConfigApplicationContext@4808bc9b
2018-09-30 00:43:28.183 [Thread-12] INFO  o.s.c.n.e.serviceregistry.EurekaServiceRegistry - Unregistering application unknown with eureka with status DOWN
2018-09-30 00:43:28.193 [Thread-12] WARN  com.netflix.discovery.DiscoveryClient - Saw local status change event StatusChangeEvent [timestamp=1538239408192, current=DOWN, previous=STARTING]
2018-09-30 00:43:28.195 [Thread-12] INFO  com.netflix.discovery.DiscoveryClient - Shutting down DiscoveryClient ...
2018-09-30 00:43:28.196 [Thread-12] INFO  com.netflix.discovery.DiscoveryClient - Unregistering ...
2018-09-30 00:43:28.196 [DiscoveryClient-InstanceInfoReplicator-0] INFO  com.netflix.discovery.DiscoveryClient - DiscoveryClient_UNKNOWN/sunxiaodong:-1: registering service...
2018-09-30 00:43:28.267 [Thread-12] INFO  com.netflix.discovery.DiscoveryClient - DiscoveryClient_UNKNOWN/sunxiaodong:-1 - deregister  status: 404
2018-09-30 00:43:28.275 [Thread-12] INFO  com.netflix.discovery.DiscoveryClient - Completed shut down of DiscoveryClient
2018-09-30 00:43:28.278 [Thread-12] INFO  o.s.context.support.DefaultLifecycleProcessor - Stopping beans in phase 0
2018-09-30 00:43:28.281 [Thread-12] INFO  com.netflix.eureka.DefaultEurekaServerContext - Shutting down ...
2018-09-30 00:43:28.284 [Thread-12] INFO  com.netflix.eureka.DefaultEurekaServerContext - Shut down
